<?xml version="1.0" encoding="UTF-8"?>
<coverage generated="1682986389644" clover="3.2.0">
  <project timestamp="1682986389645" name="All files">
    <metrics statements="202" coveredstatements="202" conditionals="80" coveredconditionals="80" methods="25" coveredmethods="25" elements="307" coveredelements="307" complexity="0" loc="202" ncloc="202" packages="1" files="2" classes="2"/>
    <file name="coinSlot.js" path="/home/pjmohr33/rickExercises/kata-vending-machine/coinSlot.js">
      <metrics statements="103" coveredstatements="103" conditionals="23" coveredconditionals="23" methods="16" coveredmethods="16"/>
      <line num="4" count="2" type="stmt"/>
      <line num="5" count="2" type="stmt"/>
      <line num="6" count="2" type="stmt"/>
      <line num="7" count="2" type="stmt"/>
      <line num="10" count="2" type="stmt"/>
      <line num="11" count="2" type="stmt"/>
      <line num="12" count="2" type="stmt"/>
      <line num="13" count="2" type="stmt"/>
      <line num="16" count="2" type="stmt"/>
      <line num="17" count="2" type="stmt"/>
      <line num="18" count="2" type="stmt"/>
      <line num="19" count="2" type="stmt"/>
      <line num="22" count="2" type="stmt"/>
      <line num="23" count="2" type="stmt"/>
      <line num="24" count="2" type="stmt"/>
      <line num="25" count="2" type="stmt"/>
      <line num="29" count="40" type="stmt"/>
      <line num="31" count="40" type="stmt"/>
      <line num="32" count="40" type="stmt"/>
      <line num="33" count="40" type="stmt"/>
      <line num="34" count="40" type="stmt"/>
      <line num="36" count="40" type="stmt"/>
      <line num="37" count="40" type="stmt"/>
      <line num="38" count="40" type="stmt"/>
      <line num="39" count="40" type="stmt"/>
      <line num="44" count="151" type="cond" truecount="5" falsecount="0"/>
      <line num="47" count="43" type="stmt"/>
      <line num="48" count="43" type="stmt"/>
      <line num="51" count="108" type="cond" truecount="5" falsecount="0"/>
      <line num="54" count="31" type="stmt"/>
      <line num="55" count="31" type="stmt"/>
      <line num="58" count="77" type="cond" truecount="5" falsecount="0"/>
      <line num="61" count="76" type="stmt"/>
      <line num="62" count="76" type="stmt"/>
      <line num="65" count="1" type="stmt"/>
      <line num="68" count="150" type="stmt"/>
      <line num="72" count="195" type="stmt"/>
      <line num="76" count="147" type="stmt"/>
      <line num="81" count="5" type="stmt"/>
      <line num="82" count="5" type="stmt"/>
      <line num="86" count="2" type="stmt"/>
      <line num="87" count="2" type="stmt"/>
      <line num="92" count="10" type="stmt"/>
      <line num="93" count="10" type="stmt"/>
      <line num="94" count="10" type="stmt"/>
      <line num="95" count="10" type="stmt"/>
      <line num="96" count="10" type="stmt"/>
      <line num="97" count="10" type="stmt"/>
      <line num="98" count="10" type="stmt"/>
      <line num="99" count="10" type="stmt"/>
      <line num="100" count="10" type="stmt"/>
      <line num="102" count="10" type="stmt"/>
      <line num="103" count="10" type="cond" truecount="2" falsecount="0"/>
      <line num="104" count="11" type="stmt"/>
      <line num="105" count="11" type="stmt"/>
      <line num="106" count="11" type="stmt"/>
      <line num="110" count="10" type="stmt"/>
      <line num="111" count="14" type="cond" truecount="2" falsecount="0"/>
      <line num="112" count="31" type="stmt"/>
      <line num="113" count="31" type="stmt"/>
      <line num="114" count="31" type="stmt"/>
      <line num="117" count="10" type="stmt"/>
      <line num="118" count="14" type="cond" truecount="2" falsecount="0"/>
      <line num="119" count="4" type="stmt"/>
      <line num="120" count="4" type="stmt"/>
      <line num="121" count="4" type="stmt"/>
      <line num="125" count="10" type="stmt"/>
      <line num="126" count="14" type="cond" truecount="2" falsecount="0"/>
      <line num="127" count="10" type="stmt"/>
      <line num="128" count="10" type="stmt"/>
      <line num="129" count="10" type="stmt"/>
      <line num="130" count="10" type="stmt"/>
      <line num="131" count="10" type="stmt"/>
      <line num="132" count="10" type="stmt"/>
      <line num="134" count="10" type="stmt"/>
      <line num="136" count="4" type="stmt"/>
      <line num="137" count="4" type="stmt"/>
      <line num="138" count="4" type="stmt"/>
      <line num="139" count="4" type="stmt"/>
      <line num="140" count="4" type="stmt"/>
      <line num="141" count="4" type="stmt"/>
      <line num="145" count="10" type="stmt"/>
      <line num="146" count="10" type="stmt"/>
      <line num="147" count="10" type="stmt"/>
      <line num="148" count="10" type="stmt"/>
      <line num="153" count="3" type="stmt"/>
      <line num="154" count="3" type="stmt"/>
      <line num="155" count="3" type="stmt"/>
      <line num="156" count="3" type="stmt"/>
      <line num="157" count="3" type="stmt"/>
      <line num="158" count="3" type="stmt"/>
      <line num="159" count="3" type="stmt"/>
      <line num="163" count="2" type="stmt"/>
      <line num="167" count="4" type="stmt"/>
      <line num="168" count="4" type="stmt"/>
      <line num="169" count="4" type="stmt"/>
      <line num="170" count="4" type="stmt"/>
      <line num="174" count="1" type="stmt"/>
      <line num="178" count="1" type="stmt"/>
      <line num="179" count="1" type="stmt"/>
      <line num="180" count="1" type="stmt"/>
      <line num="181" count="1" type="stmt"/>
      <line num="185" count="2" type="stmt"/>
    </file>
    <file name="vendingMachine.js" path="/home/pjmohr33/rickExercises/kata-vending-machine/vendingMachine.js">
      <metrics statements="99" coveredstatements="99" conditionals="57" coveredconditionals="57" methods="9" coveredmethods="9"/>
      <line num="4" count="1" type="stmt"/>
      <line num="6" count="1" type="stmt"/>
      <line num="13" count="1" type="stmt"/>
      <line num="14" count="1" type="stmt"/>
      <line num="15" count="1" type="stmt"/>
      <line num="16" count="1" type="stmt"/>
      <line num="17" count="1" type="stmt"/>
      <line num="18" count="1" type="stmt"/>
      <line num="19" count="1" type="stmt"/>
      <line num="20" count="1" type="stmt"/>
      <line num="24" count="21" type="stmt"/>
      <line num="26" count="21" type="stmt"/>
      <line num="27" count="21" type="stmt"/>
      <line num="28" count="21" type="stmt"/>
      <line num="29" count="21" type="stmt"/>
      <line num="31" count="21" type="stmt"/>
      <line num="33" count="21" type="stmt"/>
      <line num="34" count="21" type="stmt"/>
      <line num="36" count="21" type="stmt"/>
      <line num="40" count="17" type="stmt"/>
      <line num="41" count="17" type="stmt"/>
      <line num="42" count="17" type="stmt"/>
      <line num="43" count="17" type="cond" truecount="8" falsecount="0"/>
      <line num="47" count="5" type="stmt"/>
      <line num="48" count="5" type="stmt"/>
      <line num="49" count="5" type="stmt"/>
      <line num="50" count="5" type="stmt"/>
      <line num="54" count="75" type="stmt"/>
      <line num="55" count="75" type="stmt"/>
      <line num="56" count="75" type="stmt"/>
      <line num="60" count="25" type="stmt"/>
      <line num="61" count="25" type="stmt"/>
      <line num="62" count="25" type="stmt"/>
      <line num="63" count="25" type="stmt"/>
      <line num="65" count="25" type="cond" truecount="2" falsecount="0"/>
      <line num="66" count="7" type="cond" truecount="2" falsecount="0"/>
      <line num="67" count="5" type="cond" truecount="2" falsecount="0"/>
      <line num="68" count="2" type="stmt"/>
      <line num="69" count="2" type="stmt"/>
      <line num="70" count="2" type="stmt"/>
      <line num="71" count="2" type="stmt"/>
      <line num="72" count="2" type="stmt"/>
      <line num="74" count="3" type="stmt"/>
      <line num="75" count="3" type="stmt"/>
      <line num="76" count="3" type="stmt"/>
      <line num="80" count="2" type="stmt"/>
      <line num="81" count="2" type="stmt"/>
      <line num="82" count="2" type="stmt"/>
      <line num="85" count="18" type="stmt"/>
      <line num="86" count="18" type="stmt"/>
      <line num="87" count="18" type="stmt"/>
      <line num="93" count="60" type="stmt"/>
      <line num="94" count="60" type="stmt"/>
      <line num="95" count="60" type="stmt"/>
      <line num="96" count="60" type="stmt"/>
      <line num="97" count="60" type="stmt"/>
      <line num="100" count="60" type="stmt"/>
      <line num="101" count="13" type="cond" truecount="2" falsecount="0"/>
      <line num="102" count="4" type="stmt"/>
      <line num="104" count="9" type="stmt"/>
      <line num="106" count="13" type="stmt"/>
      <line num="107" count="13" type="stmt"/>
      <line num="111" count="60" type="cond" truecount="2" falsecount="0"/>
      <line num="112" count="17" type="cond" truecount="2" falsecount="0"/>
      <line num="113" count="13" type="stmt"/>
      <line num="115" count="4" type="stmt"/>
      <line num="120" count="60" type="cond" truecount="4" falsecount="0"/>
      <line num="121" count="2" type="stmt"/>
      <line num="122" count="2" type="stmt"/>
      <line num="123" count="58" type="cond" truecount="4" falsecount="0"/>
      <line num="124" count="2" type="stmt"/>
      <line num="125" count="2" type="stmt"/>
      <line num="128" count="58" type="cond" truecount="4" falsecount="0"/>
      <line num="129" count="5" type="stmt"/>
      <line num="130" count="5" type="stmt"/>
      <line num="133" count="58" type="cond" truecount="4" falsecount="0"/>
      <line num="134" count="2" type="stmt"/>
      <line num="135" count="2" type="stmt"/>
      <line num="136" count="56" type="cond" truecount="4" falsecount="0"/>
      <line num="137" count="2" type="stmt"/>
      <line num="138" count="2" type="stmt"/>
      <line num="141" count="56" type="cond" truecount="4" falsecount="0"/>
      <line num="142" count="18" type="stmt"/>
      <line num="143" count="18" type="stmt"/>
      <line num="144" count="38" type="cond" truecount="4" falsecount="0"/>
      <line num="145" count="6" type="stmt"/>
      <line num="146" count="6" type="stmt"/>
      <line num="149" count="50" type="cond" truecount="4" falsecount="0"/>
      <line num="150" count="3" type="stmt"/>
      <line num="151" count="3" type="stmt"/>
      <line num="152" count="47" type="cond" truecount="4" falsecount="0"/>
      <line num="153" count="3" type="stmt"/>
      <line num="154" count="3" type="stmt"/>
      <line num="157" count="47" type="stmt"/>
      <line num="162" count="15" type="stmt"/>
      <line num="163" count="15" type="stmt"/>
      <line num="167" count="39" type="stmt"/>
      <line num="168" count="39" type="stmt"/>
      <line num="171" count="1" type="stmt"/>
    </file>
  </project>
</coverage>
