{"/home/pjmohr33/rickExercises/kata-vending-machine/coinSlot.js": {"path":"/home/pjmohr33/rickExercises/kata-vending-machine/coinSlot.js","statementMap":{"0":{"start":{"line":4,"column":21},"end":{"line":4,"column":22}},"1":{"start":{"line":5,"column":22},"end":{"line":5,"column":23}},"2":{"start":{"line":6,"column":24},"end":{"line":6,"column":29}},"3":{"start":{"line":7,"column":25},"end":{"line":7,"column":29}},"4":{"start":{"line":10,"column":19},"end":{"line":10,"column":21}},"5":{"start":{"line":11,"column":20},"end":{"line":11,"column":25}},"6":{"start":{"line":12,"column":22},"end":{"line":12,"column":27}},"7":{"start":{"line":13,"column":23},"end":{"line":13,"column":27}},"8":{"start":{"line":16,"column":22},"end":{"line":16,"column":24}},"9":{"start":{"line":17,"column":23},"end":{"line":17,"column":28}},"10":{"start":{"line":18,"column":25},"end":{"line":18,"column":30}},"11":{"start":{"line":19,"column":26},"end":{"line":19,"column":30}},"12":{"start":{"line":22,"column":23},"end":{"line":22,"column":32}},"13":{"start":{"line":23,"column":24},"end":{"line":23,"column":27}},"14":{"start":{"line":24,"column":26},"end":{"line":24,"column":31}},"15":{"start":{"line":25,"column":27},"end":{"line":25,"column":31}},"16":{"start":{"line":29,"column":4},"end":{"line":29,"column":28}},"17":{"start":{"line":31,"column":4},"end":{"line":31,"column":35}},"18":{"start":{"line":32,"column":4},"end":{"line":32,"column":43}},"19":{"start":{"line":33,"column":4},"end":{"line":33,"column":41}},"20":{"start":{"line":34,"column":4},"end":{"line":34,"column":43}},"21":{"start":{"line":36,"column":4},"end":{"line":36,"column":41}},"22":{"start":{"line":37,"column":4},"end":{"line":37,"column":47}},"23":{"start":{"line":38,"column":4},"end":{"line":38,"column":45}},"24":{"start":{"line":39,"column":4},"end":{"line":39,"column":48}},"25":{"start":{"line":44,"column":4},"end":{"line":66,"column":5}},"26":{"start":{"line":47,"column":6},"end":{"line":47,"column":42}},"27":{"start":{"line":48,"column":6},"end":{"line":48,"column":91}},"28":{"start":{"line":51,"column":11},"end":{"line":66,"column":5}},"29":{"start":{"line":54,"column":6},"end":{"line":54,"column":40}},"30":{"start":{"line":55,"column":6},"end":{"line":55,"column":87}},"31":{"start":{"line":58,"column":11},"end":{"line":66,"column":5}},"32":{"start":{"line":61,"column":6},"end":{"line":61,"column":43}},"33":{"start":{"line":62,"column":6},"end":{"line":62,"column":93}},"34":{"start":{"line":65,"column":6},"end":{"line":65,"column":28}},"35":{"start":{"line":68,"column":4},"end":{"line":68,"column":31}},"36":{"start":{"line":72,"column":4},"end":{"line":72,"column":103}},"37":{"start":{"line":76,"column":4},"end":{"line":76,"column":31}},"38":{"start":{"line":81,"column":24},"end":{"line":81,"column":55}},"39":{"start":{"line":82,"column":4},"end":{"line":82,"column":23}},"40":{"start":{"line":86,"column":26},"end":{"line":86,"column":44}},"41":{"start":{"line":87,"column":4},"end":{"line":87,"column":25}},"42":{"start":{"line":92,"column":25},"end":{"line":92,"column":34}},"43":{"start":{"line":93,"column":26},"end":{"line":93,"column":44}},"44":{"start":{"line":94,"column":26},"end":{"line":94,"column":55}},"45":{"start":{"line":95,"column":23},"end":{"line":95,"column":49}},"46":{"start":{"line":96,"column":25},"end":{"line":96,"column":53}},"47":{"start":{"line":97,"column":25},"end":{"line":97,"column":26}},"48":{"start":{"line":98,"column":22},"end":{"line":98,"column":23}},"49":{"start":{"line":99,"column":24},"end":{"line":99,"column":25}},"50":{"start":{"line":100,"column":26},"end":{"line":100,"column":37}},"51":{"start":{"line":102,"column":25},"end":{"line":108,"column":5}},"52":{"start":{"line":103,"column":6},"end":{"line":107,"column":7}},"53":{"start":{"line":104,"column":8},"end":{"line":104,"column":25}},"54":{"start":{"line":105,"column":8},"end":{"line":105,"column":26}},"55":{"start":{"line":106,"column":8},"end":{"line":106,"column":30}},"56":{"start":{"line":110,"column":22},"end":{"line":116,"column":5}},"57":{"start":{"line":111,"column":6},"end":{"line":115,"column":7}},"58":{"start":{"line":112,"column":8},"end":{"line":112,"column":22}},"59":{"start":{"line":113,"column":8},"end":{"line":113,"column":23}},"60":{"start":{"line":114,"column":8},"end":{"line":114,"column":30}},"61":{"start":{"line":117,"column":24},"end":{"line":123,"column":5}},"62":{"start":{"line":118,"column":6},"end":{"line":122,"column":7}},"63":{"start":{"line":119,"column":8},"end":{"line":119,"column":24}},"64":{"start":{"line":120,"column":8},"end":{"line":120,"column":25}},"65":{"start":{"line":121,"column":8},"end":{"line":121,"column":29}},"66":{"start":{"line":125,"column":23},"end":{"line":143,"column":5}},"67":{"start":{"line":126,"column":6},"end":{"line":142,"column":7}},"68":{"start":{"line":127,"column":8},"end":{"line":127,"column":55}},"69":{"start":{"line":128,"column":8},"end":{"line":128,"column":49}},"70":{"start":{"line":129,"column":8},"end":{"line":129,"column":53}},"71":{"start":{"line":130,"column":8},"end":{"line":130,"column":53}},"72":{"start":{"line":131,"column":8},"end":{"line":131,"column":47}},"73":{"start":{"line":132,"column":8},"end":{"line":132,"column":51}},"74":{"start":{"line":134,"column":8},"end":{"line":134,"column":28}},"75":{"start":{"line":136,"column":8},"end":{"line":136,"column":28}},"76":{"start":{"line":137,"column":8},"end":{"line":137,"column":29}},"77":{"start":{"line":138,"column":8},"end":{"line":138,"column":29}},"78":{"start":{"line":139,"column":8},"end":{"line":139,"column":20}},"79":{"start":{"line":140,"column":8},"end":{"line":140,"column":22}},"80":{"start":{"line":141,"column":8},"end":{"line":141,"column":28}},"81":{"start":{"line":145,"column":4},"end":{"line":145,"column":19}},"82":{"start":{"line":146,"column":4},"end":{"line":146,"column":16}},"83":{"start":{"line":147,"column":4},"end":{"line":147,"column":18}},"84":{"start":{"line":148,"column":4},"end":{"line":148,"column":24}},"85":{"start":{"line":153,"column":24},"end":{"line":153,"column":55}},"86":{"start":{"line":154,"column":24},"end":{"line":154,"column":60}},"87":{"start":{"line":155,"column":4},"end":{"line":155,"column":34}},"88":{"start":{"line":156,"column":4},"end":{"line":156,"column":32}},"89":{"start":{"line":157,"column":4},"end":{"line":157,"column":35}},"90":{"start":{"line":158,"column":4},"end":{"line":158,"column":28}},"91":{"start":{"line":159,"column":4},"end":{"line":159,"column":23}},"92":{"start":{"line":163,"column":4},"end":{"line":163,"column":36}},"93":{"start":{"line":167,"column":4},"end":{"line":167,"column":28}},"94":{"start":{"line":168,"column":4},"end":{"line":168,"column":47}},"95":{"start":{"line":169,"column":4},"end":{"line":169,"column":45}},"96":{"start":{"line":170,"column":4},"end":{"line":170,"column":48}},"97":{"start":{"line":174,"column":4},"end":{"line":174,"column":23}},"98":{"start":{"line":178,"column":4},"end":{"line":178,"column":86}},"99":{"start":{"line":179,"column":4},"end":{"line":179,"column":83}},"100":{"start":{"line":180,"column":4},"end":{"line":180,"column":77}},"101":{"start":{"line":181,"column":4},"end":{"line":181,"column":30}},"102":{"start":{"line":185,"column":0},"end":{"line":206,"column":2}}},"fnMap":{"0":{"name":"(anonymous_0)","decl":{"start":{"line":28,"column":2},"end":{"line":28,"column":3}},"loc":{"start":{"line":28,"column":16},"end":{"line":40,"column":3}},"line":28},"1":{"name":"(anonymous_1)","decl":{"start":{"line":42,"column":2},"end":{"line":42,"column":3}},"loc":{"start":{"line":42,"column":42},"end":{"line":69,"column":3}},"line":42},"2":{"name":"(anonymous_2)","decl":{"start":{"line":71,"column":2},"end":{"line":71,"column":3}},"loc":{"start":{"line":71,"column":25},"end":{"line":73,"column":3}},"line":71},"3":{"name":"(anonymous_3)","decl":{"start":{"line":75,"column":2},"end":{"line":75,"column":3}},"loc":{"start":{"line":75,"column":24},"end":{"line":77,"column":3}},"line":75},"4":{"name":"(anonymous_4)","decl":{"start":{"line":80,"column":2},"end":{"line":80,"column":3}},"loc":{"start":{"line":80,"column":29},"end":{"line":83,"column":3}},"line":80},"5":{"name":"(anonymous_5)","decl":{"start":{"line":85,"column":2},"end":{"line":85,"column":3}},"loc":{"start":{"line":85,"column":23},"end":{"line":88,"column":3}},"line":85},"6":{"name":"(anonymous_6)","decl":{"start":{"line":91,"column":2},"end":{"line":91,"column":3}},"loc":{"start":{"line":91,"column":34},"end":{"line":149,"column":3}},"line":91},"7":{"name":"(anonymous_7)","decl":{"start":{"line":102,"column":25},"end":{"line":102,"column":26}},"loc":{"start":{"line":102,"column":31},"end":{"line":108,"column":5}},"line":102},"8":{"name":"(anonymous_8)","decl":{"start":{"line":110,"column":22},"end":{"line":110,"column":23}},"loc":{"start":{"line":110,"column":28},"end":{"line":116,"column":5}},"line":110},"9":{"name":"(anonymous_9)","decl":{"start":{"line":117,"column":24},"end":{"line":117,"column":25}},"loc":{"start":{"line":117,"column":30},"end":{"line":123,"column":5}},"line":117},"10":{"name":"(anonymous_10)","decl":{"start":{"line":125,"column":23},"end":{"line":125,"column":24}},"loc":{"start":{"line":125,"column":29},"end":{"line":143,"column":5}},"line":125},"11":{"name":"(anonymous_11)","decl":{"start":{"line":152,"column":2},"end":{"line":152,"column":3}},"loc":{"start":{"line":152,"column":28},"end":{"line":160,"column":3}},"line":152},"12":{"name":"(anonymous_12)","decl":{"start":{"line":162,"column":2},"end":{"line":162,"column":3}},"loc":{"start":{"line":162,"column":24},"end":{"line":164,"column":3}},"line":162},"13":{"name":"(anonymous_13)","decl":{"start":{"line":166,"column":2},"end":{"line":166,"column":3}},"loc":{"start":{"line":166,"column":16},"end":{"line":171,"column":3}},"line":166},"14":{"name":"(anonymous_14)","decl":{"start":{"line":173,"column":2},"end":{"line":173,"column":3}},"loc":{"start":{"line":173,"column":19},"end":{"line":175,"column":3}},"line":173},"15":{"name":"(anonymous_15)","decl":{"start":{"line":177,"column":2},"end":{"line":177,"column":3}},"loc":{"start":{"line":177,"column":41},"end":{"line":182,"column":3}},"line":177}},"branchMap":{"0":{"loc":{"start":{"line":44,"column":4},"end":{"line":66,"column":5}},"type":"if","locations":[{"start":{"line":44,"column":4},"end":{"line":66,"column":5}},{"start":{"line":51,"column":11},"end":{"line":66,"column":5}}],"line":44},"1":{"loc":{"start":{"line":44,"column":8},"end":{"line":46,"column":30}},"type":"binary-expr","locations":[{"start":{"line":44,"column":8},"end":{"line":44,"column":36}},{"start":{"line":45,"column":6},"end":{"line":45,"column":36}},{"start":{"line":46,"column":6},"end":{"line":46,"column":30}}],"line":44},"2":{"loc":{"start":{"line":51,"column":11},"end":{"line":66,"column":5}},"type":"if","locations":[{"start":{"line":51,"column":11},"end":{"line":66,"column":5}},{"start":{"line":58,"column":11},"end":{"line":66,"column":5}}],"line":51},"3":{"loc":{"start":{"line":51,"column":15},"end":{"line":53,"column":28}},"type":"binary-expr","locations":[{"start":{"line":51,"column":15},"end":{"line":51,"column":41}},{"start":{"line":52,"column":6},"end":{"line":52,"column":34}},{"start":{"line":53,"column":6},"end":{"line":53,"column":28}}],"line":51},"4":{"loc":{"start":{"line":58,"column":11},"end":{"line":66,"column":5}},"type":"if","locations":[{"start":{"line":58,"column":11},"end":{"line":66,"column":5}},{"start":{"line":63,"column":11},"end":{"line":66,"column":5}}],"line":58},"5":{"loc":{"start":{"line":58,"column":15},"end":{"line":60,"column":31}},"type":"binary-expr","locations":[{"start":{"line":58,"column":15},"end":{"line":58,"column":44}},{"start":{"line":59,"column":6},"end":{"line":59,"column":37}},{"start":{"line":60,"column":6},"end":{"line":60,"column":31}}],"line":58},"6":{"loc":{"start":{"line":103,"column":13},"end":{"line":103,"column":57}},"type":"binary-expr","locations":[{"start":{"line":103,"column":13},"end":{"line":103,"column":34}},{"start":{"line":103,"column":38},"end":{"line":103,"column":57}}],"line":103},"7":{"loc":{"start":{"line":111,"column":13},"end":{"line":111,"column":54}},"type":"binary-expr","locations":[{"start":{"line":111,"column":13},"end":{"line":111,"column":34}},{"start":{"line":111,"column":38},"end":{"line":111,"column":54}}],"line":111},"8":{"loc":{"start":{"line":118,"column":13},"end":{"line":118,"column":55}},"type":"binary-expr","locations":[{"start":{"line":118,"column":13},"end":{"line":118,"column":33}},{"start":{"line":118,"column":37},"end":{"line":118,"column":55}}],"line":118},"9":{"loc":{"start":{"line":126,"column":6},"end":{"line":142,"column":7}},"type":"if","locations":[{"start":{"line":126,"column":6},"end":{"line":142,"column":7}},{"start":{"line":135,"column":13},"end":{"line":142,"column":7}}],"line":126}},"s":{"0":2,"1":2,"2":2,"3":2,"4":2,"5":2,"6":2,"7":2,"8":2,"9":2,"10":2,"11":2,"12":2,"13":2,"14":2,"15":2,"16":40,"17":40,"18":40,"19":40,"20":40,"21":40,"22":40,"23":40,"24":40,"25":151,"26":43,"27":43,"28":108,"29":31,"30":31,"31":77,"32":76,"33":76,"34":1,"35":150,"36":195,"37":147,"38":5,"39":5,"40":2,"41":2,"42":10,"43":10,"44":10,"45":10,"46":10,"47":10,"48":10,"49":10,"50":10,"51":10,"52":10,"53":11,"54":11,"55":11,"56":10,"57":14,"58":31,"59":31,"60":31,"61":10,"62":14,"63":4,"64":4,"65":4,"66":10,"67":14,"68":10,"69":10,"70":10,"71":10,"72":10,"73":10,"74":10,"75":4,"76":4,"77":4,"78":4,"79":4,"80":4,"81":10,"82":10,"83":10,"84":10,"85":3,"86":3,"87":3,"88":3,"89":3,"90":3,"91":3,"92":2,"93":4,"94":4,"95":4,"96":4,"97":1,"98":1,"99":1,"100":1,"101":1,"102":2},"f":{"0":40,"1":151,"2":195,"3":147,"4":5,"5":2,"6":10,"7":10,"8":14,"9":14,"10":14,"11":3,"12":2,"13":4,"14":1,"15":1},"b":{"0":[43,108],"1":[151,43,43],"2":[31,77],"3":[108,31,31],"4":[76,1],"5":[77,76,76],"6":[21,13],"7":[45,31],"8":[18,6],"9":[10,4]},"_coverageSchema":"1a1c01bbd47fc00a2c39e90264f33305004495a9","hash":"ae06ce6b8db0a6959afeb7b3b39b3a37f9d019eb"}
,"/home/pjmohr33/rickExercises/kata-vending-machine/vendingMachine.js": {"path":"/home/pjmohr33/rickExercises/kata-vending-machine/vendingMachine.js","statementMap":{"0":{"start":{"line":4,"column":4},"end":{"line":4,"column":25}},"1":{"start":{"line":6,"column":22},"end":{"line":10,"column":1}},"2":{"start":{"line":13,"column":25},"end":{"line":13,"column":43}},"3":{"start":{"line":14,"column":26},"end":{"line":14,"column":45}},"4":{"start":{"line":15,"column":23},"end":{"line":15,"column":39}},"5":{"start":{"line":16,"column":27},"end":{"line":16,"column":47}},"6":{"start":{"line":17,"column":17},"end":{"line":17,"column":27}},"7":{"start":{"line":18,"column":26},"end":{"line":18,"column":45}},"8":{"start":{"line":19,"column":20},"end":{"line":19,"column":33}},"9":{"start":{"line":20,"column":25},"end":{"line":20,"column":80}},"10":{"start":{"line":24,"column":4},"end":{"line":24,"column":35}},"11":{"start":{"line":26,"column":4},"end":{"line":26,"column":38}},"12":{"start":{"line":27,"column":4},"end":{"line":27,"column":42}},"13":{"start":{"line":28,"column":4},"end":{"line":28,"column":43}},"14":{"start":{"line":29,"column":4},"end":{"line":29,"column":43}},"15":{"start":{"line":31,"column":4},"end":{"line":31,"column":33}},"16":{"start":{"line":33,"column":4},"end":{"line":33,"column":43}},"17":{"start":{"line":34,"column":4},"end":{"line":34,"column":27}},"18":{"start":{"line":36,"column":4},"end":{"line":36,"column":30}},"19":{"start":{"line":40,"column":21},"end":{"line":40,"column":64}},"20":{"start":{"line":41,"column":18},"end":{"line":41,"column":58}},"21":{"start":{"line":42,"column":20},"end":{"line":42,"column":62}},"22":{"start":{"line":43,"column":4},"end":{"line":43,"column":131}},"23":{"start":{"line":47,"column":21},"end":{"line":47,"column":64}},"24":{"start":{"line":48,"column":18},"end":{"line":48,"column":58}},"25":{"start":{"line":49,"column":20},"end":{"line":49,"column":62}},"26":{"start":{"line":50,"column":4},"end":{"line":50,"column":62}},"27":{"start":{"line":54,"column":27},"end":{"line":54,"column":80}},"28":{"start":{"line":55,"column":4},"end":{"line":55,"column":42}},"29":{"start":{"line":56,"column":4},"end":{"line":56,"column":64}},"30":{"start":{"line":60,"column":26},"end":{"line":60,"column":61}},"31":{"start":{"line":61,"column":25},"end":{"line":61,"column":44}},"32":{"start":{"line":62,"column":29},"end":{"line":62,"column":60}},"33":{"start":{"line":63,"column":23},"end":{"line":63,"column":51}},"34":{"start":{"line":65,"column":4},"end":{"line":88,"column":5}},"35":{"start":{"line":66,"column":6},"end":{"line":83,"column":7}},"36":{"start":{"line":67,"column":8},"end":{"line":77,"column":9}},"37":{"start":{"line":68,"column":31},"end":{"line":68,"column":68}},"38":{"start":{"line":69,"column":10},"end":{"line":69,"column":58}},"39":{"start":{"line":70,"column":10},"end":{"line":70,"column":60}},"40":{"start":{"line":71,"column":10},"end":{"line":71,"column":46}},"41":{"start":{"line":72,"column":10},"end":{"line":72,"column":37}},"42":{"start":{"line":74,"column":10},"end":{"line":74,"column":48}},"43":{"start":{"line":75,"column":10},"end":{"line":75,"column":38}},"44":{"start":{"line":76,"column":10},"end":{"line":76,"column":37}},"45":{"start":{"line":80,"column":8},"end":{"line":80,"column":48}},"46":{"start":{"line":81,"column":8},"end":{"line":81,"column":36}},"47":{"start":{"line":82,"column":8},"end":{"line":82,"column":35}},"48":{"start":{"line":85,"column":6},"end":{"line":85,"column":36}},"49":{"start":{"line":86,"column":6},"end":{"line":86,"column":29}},"50":{"start":{"line":87,"column":6},"end":{"line":87,"column":33}},"51":{"start":{"line":93,"column":24},"end":{"line":93,"column":48}},"52":{"start":{"line":94,"column":24},"end":{"line":94,"column":46}},"53":{"start":{"line":95,"column":27},"end":{"line":95,"column":92}},"54":{"start":{"line":96,"column":29},"end":{"line":96,"column":64}},"55":{"start":{"line":97,"column":28},"end":{"line":97,"column":93}},"56":{"start":{"line":100,"column":25},"end":{"line":108,"column":5}},"57":{"start":{"line":101,"column":6},"end":{"line":105,"column":7}},"58":{"start":{"line":102,"column":8},"end":{"line":102,"column":46}},"59":{"start":{"line":104,"column":8},"end":{"line":104,"column":47}},"60":{"start":{"line":106,"column":6},"end":{"line":106,"column":29}},"61":{"start":{"line":107,"column":6},"end":{"line":107,"column":32}},"62":{"start":{"line":111,"column":4},"end":{"line":117,"column":5}},"63":{"start":{"line":112,"column":6},"end":{"line":116,"column":7}},"64":{"start":{"line":113,"column":8},"end":{"line":113,"column":35}},"65":{"start":{"line":115,"column":8},"end":{"line":115,"column":41}},"66":{"start":{"line":120,"column":4},"end":{"line":126,"column":5}},"67":{"start":{"line":121,"column":6},"end":{"line":121,"column":33}},"68":{"start":{"line":122,"column":6},"end":{"line":122,"column":27}},"69":{"start":{"line":123,"column":11},"end":{"line":126,"column":5}},"70":{"start":{"line":124,"column":6},"end":{"line":124,"column":21}},"71":{"start":{"line":125,"column":6},"end":{"line":125,"column":33}},"72":{"start":{"line":128,"column":4},"end":{"line":131,"column":5}},"73":{"start":{"line":129,"column":6},"end":{"line":129,"column":36}},"74":{"start":{"line":130,"column":6},"end":{"line":130,"column":27}},"75":{"start":{"line":133,"column":4},"end":{"line":139,"column":5}},"76":{"start":{"line":134,"column":6},"end":{"line":134,"column":48}},"77":{"start":{"line":135,"column":6},"end":{"line":135,"column":27}},"78":{"start":{"line":136,"column":11},"end":{"line":139,"column":5}},"79":{"start":{"line":137,"column":6},"end":{"line":137,"column":21}},"80":{"start":{"line":138,"column":6},"end":{"line":138,"column":33}},"81":{"start":{"line":141,"column":4},"end":{"line":147,"column":5}},"82":{"start":{"line":142,"column":6},"end":{"line":142,"column":30}},"83":{"start":{"line":143,"column":6},"end":{"line":143,"column":27}},"84":{"start":{"line":144,"column":11},"end":{"line":147,"column":5}},"85":{"start":{"line":145,"column":6},"end":{"line":145,"column":21}},"86":{"start":{"line":146,"column":6},"end":{"line":146,"column":33}},"87":{"start":{"line":149,"column":4},"end":{"line":155,"column":5}},"88":{"start":{"line":150,"column":6},"end":{"line":150,"column":38}},"89":{"start":{"line":151,"column":6},"end":{"line":151,"column":27}},"90":{"start":{"line":152,"column":11},"end":{"line":155,"column":5}},"91":{"start":{"line":153,"column":6},"end":{"line":153,"column":21}},"92":{"start":{"line":154,"column":6},"end":{"line":154,"column":33}},"93":{"start":{"line":157,"column":4},"end":{"line":157,"column":24}},"94":{"start":{"line":162,"column":4},"end":{"line":162,"column":39}},"95":{"start":{"line":163,"column":4},"end":{"line":163,"column":43}},"96":{"start":{"line":167,"column":4},"end":{"line":167,"column":49}},"97":{"start":{"line":168,"column":4},"end":{"line":168,"column":49}},"98":{"start":{"line":171,"column":0},"end":{"line":173,"column":2}}},"fnMap":{"0":{"name":"(anonymous_0)","decl":{"start":{"line":23,"column":2},"end":{"line":23,"column":3}},"loc":{"start":{"line":23,"column":16},"end":{"line":37,"column":3}},"line":23},"1":{"name":"(anonymous_1)","decl":{"start":{"line":39,"column":2},"end":{"line":39,"column":3}},"loc":{"start":{"line":39,"column":17},"end":{"line":44,"column":3}},"line":39},"2":{"name":"(anonymous_2)","decl":{"start":{"line":46,"column":2},"end":{"line":46,"column":3}},"loc":{"start":{"line":46,"column":24},"end":{"line":51,"column":3}},"line":46},"3":{"name":"(anonymous_3)","decl":{"start":{"line":53,"column":2},"end":{"line":53,"column":3}},"loc":{"start":{"line":53,"column":42},"end":{"line":57,"column":3}},"line":53},"4":{"name":"(anonymous_4)","decl":{"start":{"line":59,"column":2},"end":{"line":59,"column":3}},"loc":{"start":{"line":59,"column":19},"end":{"line":89,"column":3}},"line":59},"5":{"name":"(anonymous_5)","decl":{"start":{"line":91,"column":2},"end":{"line":91,"column":3}},"loc":{"start":{"line":91,"column":17},"end":{"line":158,"column":3}},"line":91},"6":{"name":"(anonymous_6)","decl":{"start":{"line":100,"column":25},"end":{"line":100,"column":26}},"loc":{"start":{"line":100,"column":31},"end":{"line":108,"column":5}},"line":100},"7":{"name":"(anonymous_7)","decl":{"start":{"line":161,"column":2},"end":{"line":161,"column":3}},"loc":{"start":{"line":161,"column":29},"end":{"line":164,"column":3}},"line":161},"8":{"name":"(anonymous_8)","decl":{"start":{"line":166,"column":2},"end":{"line":166,"column":3}},"loc":{"start":{"line":166,"column":36},"end":{"line":169,"column":3}},"line":166}},"branchMap":{"0":{"loc":{"start":{"line":43,"column":11},"end":{"line":43,"column":130}},"type":"binary-expr","locations":[{"start":{"line":43,"column":12},"end":{"line":43,"column":24}},{"start":{"line":43,"column":28},"end":{"line":43,"column":37}},{"start":{"line":43,"column":43},"end":{"line":43,"column":55}},{"start":{"line":43,"column":59},"end":{"line":43,"column":68}},{"start":{"line":43,"column":72},"end":{"line":43,"column":83}},{"start":{"line":43,"column":89},"end":{"line":43,"column":98}},{"start":{"line":43,"column":102},"end":{"line":43,"column":113}},{"start":{"line":43,"column":118},"end":{"line":43,"column":130}}],"line":43},"1":{"loc":{"start":{"line":65,"column":4},"end":{"line":88,"column":5}},"type":"if","locations":[{"start":{"line":65,"column":4},"end":{"line":88,"column":5}},{"start":{"line":84,"column":11},"end":{"line":88,"column":5}}],"line":65},"2":{"loc":{"start":{"line":66,"column":6},"end":{"line":83,"column":7}},"type":"if","locations":[{"start":{"line":66,"column":6},"end":{"line":83,"column":7}},{"start":{"line":79,"column":13},"end":{"line":83,"column":7}}],"line":66},"3":{"loc":{"start":{"line":67,"column":8},"end":{"line":77,"column":9}},"type":"if","locations":[{"start":{"line":67,"column":8},"end":{"line":77,"column":9}},{"start":{"line":73,"column":15},"end":{"line":77,"column":9}}],"line":67},"4":{"loc":{"start":{"line":101,"column":6},"end":{"line":105,"column":7}},"type":"if","locations":[{"start":{"line":101,"column":6},"end":{"line":105,"column":7}},{"start":{"line":103,"column":13},"end":{"line":105,"column":7}}],"line":101},"5":{"loc":{"start":{"line":111,"column":4},"end":{"line":117,"column":5}},"type":"if","locations":[{"start":{"line":111,"column":4},"end":{"line":117,"column":5}},{"start":{},"end":{}}],"line":111},"6":{"loc":{"start":{"line":112,"column":6},"end":{"line":116,"column":7}},"type":"if","locations":[{"start":{"line":112,"column":6},"end":{"line":116,"column":7}},{"start":{"line":114,"column":13},"end":{"line":116,"column":7}}],"line":112},"7":{"loc":{"start":{"line":120,"column":4},"end":{"line":126,"column":5}},"type":"if","locations":[{"start":{"line":120,"column":4},"end":{"line":126,"column":5}},{"start":{"line":123,"column":11},"end":{"line":126,"column":5}}],"line":120},"8":{"loc":{"start":{"line":120,"column":8},"end":{"line":120,"column":60}},"type":"binary-expr","locations":[{"start":{"line":120,"column":8},"end":{"line":120,"column":45}},{"start":{"line":120,"column":49},"end":{"line":120,"column":60}}],"line":120},"9":{"loc":{"start":{"line":123,"column":11},"end":{"line":126,"column":5}},"type":"if","locations":[{"start":{"line":123,"column":11},"end":{"line":126,"column":5}},{"start":{},"end":{}}],"line":123},"10":{"loc":{"start":{"line":123,"column":15},"end":{"line":123,"column":67}},"type":"binary-expr","locations":[{"start":{"line":123,"column":15},"end":{"line":123,"column":52}},{"start":{"line":123,"column":56},"end":{"line":123,"column":67}}],"line":123},"11":{"loc":{"start":{"line":128,"column":4},"end":{"line":131,"column":5}},"type":"if","locations":[{"start":{"line":128,"column":4},"end":{"line":131,"column":5}},{"start":{},"end":{}}],"line":128},"12":{"loc":{"start":{"line":128,"column":8},"end":{"line":128,"column":62}},"type":"binary-expr","locations":[{"start":{"line":128,"column":8},"end":{"line":128,"column":47}},{"start":{"line":128,"column":51},"end":{"line":128,"column":62}}],"line":128},"13":{"loc":{"start":{"line":133,"column":4},"end":{"line":139,"column":5}},"type":"if","locations":[{"start":{"line":133,"column":4},"end":{"line":139,"column":5}},{"start":{"line":136,"column":11},"end":{"line":139,"column":5}}],"line":133},"14":{"loc":{"start":{"line":133,"column":8},"end":{"line":133,"column":64}},"type":"binary-expr","locations":[{"start":{"line":133,"column":8},"end":{"line":133,"column":49}},{"start":{"line":133,"column":53},"end":{"line":133,"column":64}}],"line":133},"15":{"loc":{"start":{"line":136,"column":11},"end":{"line":139,"column":5}},"type":"if","locations":[{"start":{"line":136,"column":11},"end":{"line":139,"column":5}},{"start":{},"end":{}}],"line":136},"16":{"loc":{"start":{"line":136,"column":15},"end":{"line":136,"column":71}},"type":"binary-expr","locations":[{"start":{"line":136,"column":15},"end":{"line":136,"column":56}},{"start":{"line":136,"column":60},"end":{"line":136,"column":71}}],"line":136},"17":{"loc":{"start":{"line":141,"column":4},"end":{"line":147,"column":5}},"type":"if","locations":[{"start":{"line":141,"column":4},"end":{"line":147,"column":5}},{"start":{"line":144,"column":11},"end":{"line":147,"column":5}}],"line":141},"18":{"loc":{"start":{"line":141,"column":8},"end":{"line":141,"column":54}},"type":"binary-expr","locations":[{"start":{"line":141,"column":8},"end":{"line":141,"column":39}},{"start":{"line":141,"column":43},"end":{"line":141,"column":54}}],"line":141},"19":{"loc":{"start":{"line":144,"column":11},"end":{"line":147,"column":5}},"type":"if","locations":[{"start":{"line":144,"column":11},"end":{"line":147,"column":5}},{"start":{},"end":{}}],"line":144},"20":{"loc":{"start":{"line":144,"column":15},"end":{"line":144,"column":61}},"type":"binary-expr","locations":[{"start":{"line":144,"column":15},"end":{"line":144,"column":46}},{"start":{"line":144,"column":50},"end":{"line":144,"column":61}}],"line":144},"21":{"loc":{"start":{"line":149,"column":4},"end":{"line":155,"column":5}},"type":"if","locations":[{"start":{"line":149,"column":4},"end":{"line":155,"column":5}},{"start":{"line":152,"column":11},"end":{"line":155,"column":5}}],"line":149},"22":{"loc":{"start":{"line":149,"column":8},"end":{"line":149,"column":62}},"type":"binary-expr","locations":[{"start":{"line":149,"column":8},"end":{"line":149,"column":47}},{"start":{"line":149,"column":51},"end":{"line":149,"column":62}}],"line":149},"23":{"loc":{"start":{"line":152,"column":11},"end":{"line":155,"column":5}},"type":"if","locations":[{"start":{"line":152,"column":11},"end":{"line":155,"column":5}},{"start":{},"end":{}}],"line":152},"24":{"loc":{"start":{"line":152,"column":15},"end":{"line":152,"column":69}},"type":"binary-expr","locations":[{"start":{"line":152,"column":15},"end":{"line":152,"column":54}},{"start":{"line":152,"column":58},"end":{"line":152,"column":69}}],"line":152},"25":{"loc":{"start":{"line":166,"column":25},"end":{"line":166,"column":34}},"type":"default-arg","locations":[{"start":{"line":166,"column":33},"end":{"line":166,"column":34}}],"line":166}},"s":{"0":1,"1":1,"2":1,"3":1,"4":1,"5":1,"6":1,"7":1,"8":1,"9":1,"10":21,"11":21,"12":21,"13":21,"14":21,"15":21,"16":21,"17":21,"18":21,"19":17,"20":17,"21":17,"22":17,"23":5,"24":5,"25":5,"26":5,"27":75,"28":75,"29":75,"30":25,"31":25,"32":25,"33":25,"34":25,"35":7,"36":5,"37":2,"38":2,"39":2,"40":2,"41":2,"42":3,"43":3,"44":3,"45":2,"46":2,"47":2,"48":18,"49":18,"50":18,"51":60,"52":60,"53":60,"54":60,"55":60,"56":60,"57":13,"58":4,"59":9,"60":13,"61":13,"62":60,"63":17,"64":13,"65":4,"66":60,"67":2,"68":2,"69":58,"70":2,"71":2,"72":58,"73":5,"74":5,"75":58,"76":2,"77":2,"78":56,"79":2,"80":2,"81":56,"82":18,"83":18,"84":38,"85":6,"86":6,"87":50,"88":3,"89":3,"90":47,"91":3,"92":3,"93":47,"94":15,"95":15,"96":39,"97":39,"98":1},"f":{"0":21,"1":17,"2":5,"3":75,"4":25,"5":60,"6":13,"7":15,"8":39},"b":{"0":[17,7,10,1,1,9,1,8],"1":[7,18],"2":[5,2],"3":[2,3],"4":[4,9],"5":[17,43],"6":[13,4],"7":[2,58],"8":[60,4],"9":[2,56],"10":[58,2],"11":[5,53],"12":[58,5],"13":[2,56],"14":[58,4],"15":[2,54],"16":[56,2],"17":[18,38],"18":[56,24],"19":[6,32],"20":[38,6],"21":[3,47],"22":[50,6],"23":[3,44],"24":[47,3],"25":[18]},"_coverageSchema":"1a1c01bbd47fc00a2c39e90264f33305004495a9","hash":"aa6990ff56754a280b4fd6c9351bbe63c7ffe08d"}
}
