TN:
SF:coinSlot.js
FN:28,(anonymous_0)
FN:42,(anonymous_1)
FN:71,(anonymous_2)
FN:75,(anonymous_3)
FN:80,(anonymous_4)
FN:85,(anonymous_5)
FN:91,(anonymous_6)
FN:102,(anonymous_7)
FN:110,(anonymous_8)
FN:117,(anonymous_9)
FN:125,(anonymous_10)
FN:152,(anonymous_11)
FN:162,(anonymous_12)
FN:166,(anonymous_13)
FN:173,(anonymous_14)
FN:177,(anonymous_15)
FNF:16
FNH:16
FNDA:40,(anonymous_0)
FNDA:151,(anonymous_1)
FNDA:195,(anonymous_2)
FNDA:147,(anonymous_3)
FNDA:5,(anonymous_4)
FNDA:2,(anonymous_5)
FNDA:10,(anonymous_6)
FNDA:10,(anonymous_7)
FNDA:14,(anonymous_8)
FNDA:14,(anonymous_9)
FNDA:14,(anonymous_10)
FNDA:3,(anonymous_11)
FNDA:2,(anonymous_12)
FNDA:4,(anonymous_13)
FNDA:1,(anonymous_14)
FNDA:1,(anonymous_15)
DA:4,2
DA:5,2
DA:6,2
DA:7,2
DA:10,2
DA:11,2
DA:12,2
DA:13,2
DA:16,2
DA:17,2
DA:18,2
DA:19,2
DA:22,2
DA:23,2
DA:24,2
DA:25,2
DA:29,40
DA:31,40
DA:32,40
DA:33,40
DA:34,40
DA:36,40
DA:37,40
DA:38,40
DA:39,40
DA:44,151
DA:47,43
DA:48,43
DA:51,108
DA:54,31
DA:55,31
DA:58,77
DA:61,76
DA:62,76
DA:65,1
DA:68,150
DA:72,195
DA:76,147
DA:81,5
DA:82,5
DA:86,2
DA:87,2
DA:92,10
DA:93,10
DA:94,10
DA:95,10
DA:96,10
DA:97,10
DA:98,10
DA:99,10
DA:100,10
DA:102,10
DA:103,10
DA:104,11
DA:105,11
DA:106,11
DA:110,10
DA:111,14
DA:112,31
DA:113,31
DA:114,31
DA:117,10
DA:118,14
DA:119,4
DA:120,4
DA:121,4
DA:125,10
DA:126,14
DA:127,10
DA:128,10
DA:129,10
DA:130,10
DA:131,10
DA:132,10
DA:134,10
DA:136,4
DA:137,4
DA:138,4
DA:139,4
DA:140,4
DA:141,4
DA:145,10
DA:146,10
DA:147,10
DA:148,10
DA:153,3
DA:154,3
DA:155,3
DA:156,3
DA:157,3
DA:158,3
DA:159,3
DA:163,2
DA:167,4
DA:168,4
DA:169,4
DA:170,4
DA:174,1
DA:178,1
DA:179,1
DA:180,1
DA:181,1
DA:185,2
LF:103
LH:103
BRDA:44,0,0,43
BRDA:44,0,1,108
BRDA:44,1,0,151
BRDA:44,1,1,43
BRDA:44,1,2,43
BRDA:51,2,0,31
BRDA:51,2,1,77
BRDA:51,3,0,108
BRDA:51,3,1,31
BRDA:51,3,2,31
BRDA:58,4,0,76
BRDA:58,4,1,1
BRDA:58,5,0,77
BRDA:58,5,1,76
BRDA:58,5,2,76
BRDA:103,6,0,21
BRDA:103,6,1,13
BRDA:111,7,0,45
BRDA:111,7,1,31
BRDA:118,8,0,18
BRDA:118,8,1,6
BRDA:126,9,0,10
BRDA:126,9,1,4
BRF:23
BRH:23
end_of_record
TN:
SF:vendingMachine.js
FN:23,(anonymous_0)
FN:39,(anonymous_1)
FN:46,(anonymous_2)
FN:53,(anonymous_3)
FN:59,(anonymous_4)
FN:91,(anonymous_5)
FN:100,(anonymous_6)
FN:161,(anonymous_7)
FN:166,(anonymous_8)
FNF:9
FNH:9
FNDA:21,(anonymous_0)
FNDA:17,(anonymous_1)
FNDA:5,(anonymous_2)
FNDA:75,(anonymous_3)
FNDA:25,(anonymous_4)
FNDA:60,(anonymous_5)
FNDA:13,(anonymous_6)
FNDA:15,(anonymous_7)
FNDA:39,(anonymous_8)
DA:4,1
DA:6,1
DA:13,1
DA:14,1
DA:15,1
DA:16,1
DA:17,1
DA:18,1
DA:19,1
DA:20,1
DA:24,21
DA:26,21
DA:27,21
DA:28,21
DA:29,21
DA:31,21
DA:33,21
DA:34,21
DA:36,21
DA:40,17
DA:41,17
DA:42,17
DA:43,17
DA:47,5
DA:48,5
DA:49,5
DA:50,5
DA:54,75
DA:55,75
DA:56,75
DA:60,25
DA:61,25
DA:62,25
DA:63,25
DA:65,25
DA:66,7
DA:67,5
DA:68,2
DA:69,2
DA:70,2
DA:71,2
DA:72,2
DA:74,3
DA:75,3
DA:76,3
DA:80,2
DA:81,2
DA:82,2
DA:85,18
DA:86,18
DA:87,18
DA:93,60
DA:94,60
DA:95,60
DA:96,60
DA:97,60
DA:100,60
DA:101,13
DA:102,4
DA:104,9
DA:106,13
DA:107,13
DA:111,60
DA:112,17
DA:113,13
DA:115,4
DA:120,60
DA:121,2
DA:122,2
DA:123,58
DA:124,2
DA:125,2
DA:128,58
DA:129,5
DA:130,5
DA:133,58
DA:134,2
DA:135,2
DA:136,56
DA:137,2
DA:138,2
DA:141,56
DA:142,18
DA:143,18
DA:144,38
DA:145,6
DA:146,6
DA:149,50
DA:150,3
DA:151,3
DA:152,47
DA:153,3
DA:154,3
DA:157,47
DA:162,15
DA:163,15
DA:167,39
DA:168,39
DA:171,1
LF:99
LH:99
BRDA:43,0,0,17
BRDA:43,0,1,7
BRDA:43,0,2,10
BRDA:43,0,3,1
BRDA:43,0,4,1
BRDA:43,0,5,9
BRDA:43,0,6,1
BRDA:43,0,7,8
BRDA:65,1,0,7
BRDA:65,1,1,18
BRDA:66,2,0,5
BRDA:66,2,1,2
BRDA:67,3,0,2
BRDA:67,3,1,3
BRDA:101,4,0,4
BRDA:101,4,1,9
BRDA:111,5,0,17
BRDA:111,5,1,43
BRDA:112,6,0,13
BRDA:112,6,1,4
BRDA:120,7,0,2
BRDA:120,7,1,58
BRDA:120,8,0,60
BRDA:120,8,1,4
BRDA:123,9,0,2
BRDA:123,9,1,56
BRDA:123,10,0,58
BRDA:123,10,1,2
BRDA:128,11,0,5
BRDA:128,11,1,53
BRDA:128,12,0,58
BRDA:128,12,1,5
BRDA:133,13,0,2
BRDA:133,13,1,56
BRDA:133,14,0,58
BRDA:133,14,1,4
BRDA:136,15,0,2
BRDA:136,15,1,54
BRDA:136,16,0,56
BRDA:136,16,1,2
BRDA:141,17,0,18
BRDA:141,17,1,38
BRDA:141,18,0,56
BRDA:141,18,1,24
BRDA:144,19,0,6
BRDA:144,19,1,32
BRDA:144,20,0,38
BRDA:144,20,1,6
BRDA:149,21,0,3
BRDA:149,21,1,47
BRDA:149,22,0,50
BRDA:149,22,1,6
BRDA:152,23,0,3
BRDA:152,23,1,44
BRDA:152,24,0,47
BRDA:152,24,1,3
BRDA:166,25,0,18
BRF:57
BRH:57
end_of_record
